Harry Potter and the Sorcerer's Stone
Customers also purchased:
Harry Potter and the Chamber of Secrets
Harry Potter and the Deathly Hallows
Harry Potter and the Goblet of Fire

Einstein
Customers also purchased:
A Beautiful Mind
J. Robert Oppenheimer: A Life
John Adams

Blue Pelican Java
Customers also purchased:
Chemistry
Physics

The Notebook
Customers also purchased:
Message in a Bottle

Big Trouble
Customers also purchased:
Dave Barry Turns 50
Dave Barry's Complete Guide to Guys
Insane City

Jane Eyre
Customers also purchased:
The Professor
Wuthering Heights
A Christmas Carol

3001
Customers also purchased:
2001
2010
2061

The Hunt for Red October
Customers also purchased:
Patriot Games
A Christmas Carol
A Tale of Two Cities

